<?xml version="1.0" encoding="UTF-8"?>
<testsuite xmlns:xsi="http://www.w3.org/2001/XMLSchema-instance" xsi:noNamespaceSchemaLocation="https://maven.apache.org/surefire/maven-surefire-plugin/xsd/surefire-test-report.xsd" name="com.alibaba.csp.sentinel.dashboard.controller.gateway.GatewayApiControllerTest" time="22.071" tests="4" errors="0" skipped="0" failures="0">
  <properties>
    <property name="sun.desktop" value="windows"/>
    <property name="awt.toolkit" value="sun.awt.windows.WToolkit"/>
    <property name="file.encoding.pkg" value="sun.io"/>
    <property name="java.specification.version" value="1.8"/>
    <property name="sun.cpu.isalist" value="amd64"/>
    <property name="sun.jnu.encoding" value="GBK"/>
    <property name="java.class.path" value="C:\Users\shangguanhao3\.m2\repository\org\apache\maven\surefire\surefire-booter\2.22.1\surefire-booter-2.22.1.jar;C:\Users\shangguanhao3\.m2\repository\org\apache\maven\surefire\surefire-api\2.22.1\surefire-api-2.22.1.jar;C:\Users\shangguanhao3\.m2\repository\org\apache\maven\surefire\surefire-logger-api\2.22.1\surefire-logger-api-2.22.1.jar;D:\github\sentinel-demo\sentinel-dashboard\target\test-classes;D:\github\sentinel-demo\sentinel-dashboard\target\classes;C:\Users\shangguanhao3\.m2\repository\com\alibaba\csp\sentinel-core\1.8.0\sentinel-core-1.8.0.jar;C:\Users\shangguanhao3\.m2\repository\com\alibaba\csp\sentinel-web-servlet\1.8.0\sentinel-web-servlet-1.8.0.jar;C:\Users\shangguanhao3\.m2\repository\com\alibaba\csp\sentinel-transport-simple-http\1.8.0\sentinel-transport-simple-http-1.8.0.jar;C:\Users\shangguanhao3\.m2\repository\com\alibaba\csp\sentinel-transport-common\1.8.0\sentinel-transport-common-1.8.0.jar;C:\Users\shangguanhao3\.m2\repository\com\alibaba\csp\sentinel-parameter-flow-control\1.8.0\sentinel-parameter-flow-control-1.8.0.jar;C:\Users\shangguanhao3\.m2\repository\com\googlecode\concurrentlinkedhashmap\concurrentlinkedhashmap-lru\1.4.2\concurrentlinkedhashmap-lru-1.4.2.jar;C:\Users\shangguanhao3\.m2\repository\com\alibaba\csp\sentinel-api-gateway-adapter-common\1.8.0\sentinel-api-gateway-adapter-common-1.8.0.jar;C:\Users\shangguanhao3\.m2\repository\org\springframework\boot\spring-boot-starter-web\2.0.5.RELEASE\spring-boot-starter-web-2.0.5.RELEASE.jar;C:\Users\shangguanhao3\.m2\repository\org\springframework\boot\spring-boot-starter\2.0.5.RELEASE\spring-boot-starter-2.0.5.RELEASE.jar;C:\Users\shangguanhao3\.m2\repository\org\springframework\boot\spring-boot\2.0.5.RELEASE\spring-boot-2.0.5.RELEASE.jar;C:\Users\shangguanhao3\.m2\repository\org\springframework\boot\spring-boot-autoconfigure\2.0.5.RELEASE\spring-boot-autoconfigure-2.0.5.RELEASE.jar;C:\Users\shangguanhao3\.m2\repository\javax\annotation\javax.annotation-api\1.3.2\javax.annotation-api-1.3.2.jar;C:\Users\shangguanhao3\.m2\repository\org\yaml\snakeyaml\1.19\snakeyaml-1.19.jar;C:\Users\shangguanhao3\.m2\repository\org\springframework\boot\spring-boot-starter-json\2.0.5.RELEASE\spring-boot-starter-json-2.0.5.RELEASE.jar;C:\Users\shangguanhao3\.m2\repository\com\fasterxml\jackson\core\jackson-databind\2.9.6\jackson-databind-2.9.6.jar;C:\Users\shangguanhao3\.m2\repository\com\fasterxml\jackson\core\jackson-annotations\2.9.0\jackson-annotations-2.9.0.jar;C:\Users\shangguanhao3\.m2\repository\com\fasterxml\jackson\datatype\jackson-datatype-jdk8\2.9.6\jackson-datatype-jdk8-2.9.6.jar;C:\Users\shangguanhao3\.m2\repository\com\fasterxml\jackson\datatype\jackson-datatype-jsr310\2.9.6\jackson-datatype-jsr310-2.9.6.jar;C:\Users\shangguanhao3\.m2\repository\com\fasterxml\jackson\module\jackson-module-parameter-names\2.9.6\jackson-module-parameter-names-2.9.6.jar;C:\Users\shangguanhao3\.m2\repository\org\springframework\boot\spring-boot-starter-tomcat\2.0.5.RELEASE\spring-boot-starter-tomcat-2.0.5.RELEASE.jar;C:\Users\shangguanhao3\.m2\repository\org\apache\tomcat\embed\tomcat-embed-core\8.5.34\tomcat-embed-core-8.5.34.jar;C:\Users\shangguanhao3\.m2\repository\org\apache\tomcat\embed\tomcat-embed-el\8.5.34\tomcat-embed-el-8.5.34.jar;C:\Users\shangguanhao3\.m2\repository\org\apache\tomcat\embed\tomcat-embed-websocket\8.5.34\tomcat-embed-websocket-8.5.34.jar;C:\Users\shangguanhao3\.m2\repository\org\hibernate\validator\hibernate-validator\6.0.12.Final\hibernate-validator-6.0.12.Final.jar;C:\Users\shangguanhao3\.m2\repository\javax\validation\validation-api\2.0.1.Final\validation-api-2.0.1.Final.jar;C:\Users\shangguanhao3\.m2\repository\org\jboss\logging\jboss-logging\3.3.2.Final\jboss-logging-3.3.2.Final.jar;C:\Users\shangguanhao3\.m2\repository\com\fasterxml\classmate\1.3.4\classmate-1.3.4.jar;C:\Users\shangguanhao3\.m2\repository\org\springframework\spring-web\5.0.9.RELEASE\spring-web-5.0.9.RELEASE.jar;C:\Users\shangguanhao3\.m2\repository\org\springframework\spring-beans\5.0.9.RELEASE\spring-beans-5.0.9.RELEASE.jar;C:\Users\shangguanhao3\.m2\repository\org\springframework\spring-webmvc\5.0.9.RELEASE\spring-webmvc-5.0.9.RELEASE.jar;C:\Users\shangguanhao3\.m2\repository\org\springframework\spring-aop\5.0.9.RELEASE\spring-aop-5.0.9.RELEASE.jar;C:\Users\shangguanhao3\.m2\repository\org\springframework\spring-context\5.0.9.RELEASE\spring-context-5.0.9.RELEASE.jar;C:\Users\shangguanhao3\.m2\repository\org\springframework\spring-expression\5.0.9.RELEASE\spring-expression-5.0.9.RELEASE.jar;C:\Users\shangguanhao3\.m2\repository\org\springframework\boot\spring-boot-starter-logging\2.0.5.RELEASE\spring-boot-starter-logging-2.0.5.RELEASE.jar;C:\Users\shangguanhao3\.m2\repository\ch\qos\logback\logback-classic\1.2.3\logback-classic-1.2.3.jar;C:\Users\shangguanhao3\.m2\repository\ch\qos\logback\logback-core\1.2.3\logback-core-1.2.3.jar;C:\Users\shangguanhao3\.m2\repository\org\slf4j\slf4j-api\1.7.25\slf4j-api-1.7.25.jar;C:\Users\shangguanhao3\.m2\repository\org\apache\logging\log4j\log4j-to-slf4j\2.10.0\log4j-to-slf4j-2.10.0.jar;C:\Users\shangguanhao3\.m2\repository\org\apache\logging\log4j\log4j-api\2.10.0\log4j-api-2.10.0.jar;C:\Users\shangguanhao3\.m2\repository\org\slf4j\jul-to-slf4j\1.7.25\jul-to-slf4j-1.7.25.jar;C:\Users\shangguanhao3\.m2\repository\org\springframework\boot\spring-boot-starter-test\2.0.5.RELEASE\spring-boot-starter-test-2.0.5.RELEASE.jar;C:\Users\shangguanhao3\.m2\repository\org\springframework\boot\spring-boot-test\2.0.5.RELEASE\spring-boot-test-2.0.5.RELEASE.jar;C:\Users\shangguanhao3\.m2\repository\org\springframework\boot\spring-boot-test-autoconfigure\2.0.5.RELEASE\spring-boot-test-autoconfigure-2.0.5.RELEASE.jar;C:\Users\shangguanhao3\.m2\repository\com\jayway\jsonpath\json-path\2.4.0\json-path-2.4.0.jar;C:\Users\shangguanhao3\.m2\repository\net\minidev\json-smart\2.3\json-smart-2.3.jar;C:\Users\shangguanhao3\.m2\repository\net\minidev\accessors-smart\1.2\accessors-smart-1.2.jar;C:\Users\shangguanhao3\.m2\repository\org\ow2\asm\asm\5.0.4\asm-5.0.4.jar;C:\Users\shangguanhao3\.m2\repository\org\assertj\assertj-core\3.12.1\assertj-core-3.12.1.jar;C:\Users\shangguanhao3\.m2\repository\org\hamcrest\hamcrest-core\1.3\hamcrest-core-1.3.jar;C:\Users\shangguanhao3\.m2\repository\org\hamcrest\hamcrest-library\1.3\hamcrest-library-1.3.jar;C:\Users\shangguanhao3\.m2\repository\org\skyscreamer\jsonassert\1.5.0\jsonassert-1.5.0.jar;C:\Users\shangguanhao3\.m2\repository\com\vaadin\external\google\android-json\0.0.20131108.vaadin1\android-json-0.0.20131108.vaadin1.jar;C:\Users\shangguanhao3\.m2\repository\org\springframework\spring-core\5.0.9.RELEASE\spring-core-5.0.9.RELEASE.jar;C:\Users\shangguanhao3\.m2\repository\org\springframework\spring-jcl\5.0.9.RELEASE\spring-jcl-5.0.9.RELEASE.jar;C:\Users\shangguanhao3\.m2\repository\org\springframework\spring-test\5.0.9.RELEASE\spring-test-5.0.9.RELEASE.jar;C:\Users\shangguanhao3\.m2\repository\org\xmlunit\xmlunit-core\2.5.1\xmlunit-core-2.5.1.jar;C:\Users\shangguanhao3\.m2\repository\log4j\log4j\1.2.14\log4j-1.2.14.jar;C:\Users\shangguanhao3\.m2\repository\commons-lang\commons-lang\2.6\commons-lang-2.6.jar;C:\Users\shangguanhao3\.m2\repository\org\apache\httpcomponents\httpclient\4.5.3\httpclient-4.5.3.jar;C:\Users\shangguanhao3\.m2\repository\commons-logging\commons-logging\1.2\commons-logging-1.2.jar;C:\Users\shangguanhao3\.m2\repository\commons-codec\commons-codec\1.9\commons-codec-1.9.jar;C:\Users\shangguanhao3\.m2\repository\org\apache\httpcomponents\httpcore\4.4.5\httpcore-4.4.5.jar;C:\Users\shangguanhao3\.m2\repository\org\apache\httpcomponents\httpasyncclient\4.1.3\httpasyncclient-4.1.3.jar;C:\Users\shangguanhao3\.m2\repository\org\apache\httpcomponents\httpcore-nio\4.4.6\httpcore-nio-4.4.6.jar;C:\Users\shangguanhao3\.m2\repository\com\alibaba\fastjson\1.2.71\fastjson-1.2.71.jar;C:\Users\shangguanhao3\.m2\repository\com\alibaba\csp\sentinel-datasource-nacos\1.8.0\sentinel-datasource-nacos-1.8.0.jar;C:\Users\shangguanhao3\.m2\repository\com\alibaba\csp\sentinel-datasource-extension\1.8.0\sentinel-datasource-extension-1.8.0.jar;C:\Users\shangguanhao3\.m2\repository\com\alibaba\nacos\nacos-client\1.3.0\nacos-client-1.3.0.jar;C:\Users\shangguanhao3\.m2\repository\com\alibaba\nacos\nacos-common\1.3.0\nacos-common-1.3.0.jar;C:\Users\shangguanhao3\.m2\repository\commons-io\commons-io\2.2\commons-io-2.2.jar;C:\Users\shangguanhao3\.m2\repository\org\apache\commons\commons-lang3\3.4\commons-lang3-3.4.jar;C:\Users\shangguanhao3\.m2\repository\com\alibaba\nacos\nacos-api\1.3.0\nacos-api-1.3.0.jar;C:\Users\shangguanhao3\.m2\repository\com\google\guava\guava\22.0\guava-22.0.jar;C:\Users\shangguanhao3\.m2\repository\com\google\code\findbugs\jsr305\1.3.9\jsr305-1.3.9.jar;C:\Users\shangguanhao3\.m2\repository\com\google\errorprone\error_prone_annotations\2.0.18\error_prone_annotations-2.0.18.jar;C:\Users\shangguanhao3\.m2\repository\com\google\j2objc\j2objc-annotations\1.1\j2objc-annotations-1.1.jar;C:\Users\shangguanhao3\.m2\repository\org\codehaus\mojo\animal-sniffer-annotations\1.14\animal-sniffer-annotations-1.14.jar;C:\Users\shangguanhao3\.m2\repository\com\fasterxml\jackson\core\jackson-core\2.9.10\jackson-core-2.9.10.jar;C:\Users\shangguanhao3\.m2\repository\io\prometheus\simpleclient\0.5.0\simpleclient-0.5.0.jar;C:\Users\shangguanhao3\.m2\repository\com\ctrip\framework\apollo\apollo-openapi\1.2.0\apollo-openapi-1.2.0.jar;C:\Users\shangguanhao3\.m2\repository\com\ctrip\framework\apollo\apollo-core\1.2.0\apollo-core-1.2.0.jar;C:\Users\shangguanhao3\.m2\repository\com\google\code\gson\gson\2.8.0\gson-2.8.0.jar;C:\Users\shangguanhao3\.m2\repository\org\slf4j\jcl-over-slf4j\1.7.25\jcl-over-slf4j-1.7.25.jar;C:\Users\shangguanhao3\.m2\repository\org\apache\curator\curator-recipes\4.0.1\curator-recipes-4.0.1.jar;C:\Users\shangguanhao3\.m2\repository\org\apache\curator\curator-framework\4.0.1\curator-framework-4.0.1.jar;C:\Users\shangguanhao3\.m2\repository\org\apache\curator\curator-client\4.0.1\curator-client-4.0.1.jar;C:\Users\shangguanhao3\.m2\repository\org\apache\zookeeper\zookeeper\3.5.3-beta\zookeeper-3.5.3-beta.jar;C:\Users\shangguanhao3\.m2\repository\commons-cli\commons-cli\1.2\commons-cli-1.2.jar;C:\Users\shangguanhao3\.m2\repository\io\netty\netty\3.10.5.Final\netty-3.10.5.Final.jar;C:\Users\shangguanhao3\.m2\repository\junit\junit\4.12\junit-4.12.jar;C:\Users\shangguanhao3\.m2\repository\org\mockito\mockito-core\2.28.2\mockito-core-2.28.2.jar;C:\Users\shangguanhao3\.m2\repository\net\bytebuddy\byte-buddy\1.9.10\byte-buddy-1.9.10.jar;C:\Users\shangguanhao3\.m2\repository\net\bytebuddy\byte-buddy-agent\1.9.10\byte-buddy-agent-1.9.10.jar;C:\Users\shangguanhao3\.m2\repository\org\objenesis\objenesis\2.6\objenesis-2.6.jar;C:\Users\shangguanhao3\.m2\repository\com\github\stefanbirkner\system-rules\1.16.1\system-rules-1.16.1.jar;C:\Users\shangguanhao3\.m2\repository\org\apache\maven\surefire\surefire-junit4\2.22.1\surefire-junit4-2.22.1.jar"/>
    <property name="java.vm.vendor" value="Oracle Corporation"/>
    <property name="sun.arch.data.model" value="64"/>
    <property name="user.variant" value=""/>
    <property name="java.vendor.url" value="http://java.oracle.com/"/>
    <property name="user.timezone" value="Asia/Shanghai"/>
    <property name="java.vm.specification.version" value="1.8"/>
    <property name="os.name" value="Windows 10"/>
    <property name="user.country" value="US"/>
    <property name="sun.java.launcher" value="SUN_STANDARD"/>
    <property name="sun.boot.library.path" value="C:\Program Files\Java\jdk1.8.0_181\jre\bin"/>
    <property name="sun.java.command" value="org.apache.maven.surefire.booter.ForkedBooter C:\Users\shangguanhao3\AppData\Local\Temp\surefire1710877085663362244 2020-09-16T16-22-56_254-jvmRun1 surefire7146283246367976760tmp surefire_08650764654285897391tmp"/>
    <property name="surefire.test.class.path" value="D:\github\sentinel-demo\sentinel-dashboard\target\test-classes;D:\github\sentinel-demo\sentinel-dashboard\target\classes;C:\Users\shangguanhao3\.m2\repository\com\alibaba\csp\sentinel-core\1.8.0\sentinel-core-1.8.0.jar;C:\Users\shangguanhao3\.m2\repository\com\alibaba\csp\sentinel-web-servlet\1.8.0\sentinel-web-servlet-1.8.0.jar;C:\Users\shangguanhao3\.m2\repository\com\alibaba\csp\sentinel-transport-simple-http\1.8.0\sentinel-transport-simple-http-1.8.0.jar;C:\Users\shangguanhao3\.m2\repository\com\alibaba\csp\sentinel-transport-common\1.8.0\sentinel-transport-common-1.8.0.jar;C:\Users\shangguanhao3\.m2\repository\com\alibaba\csp\sentinel-parameter-flow-control\1.8.0\sentinel-parameter-flow-control-1.8.0.jar;C:\Users\shangguanhao3\.m2\repository\com\googlecode\concurrentlinkedhashmap\concurrentlinkedhashmap-lru\1.4.2\concurrentlinkedhashmap-lru-1.4.2.jar;C:\Users\shangguanhao3\.m2\repository\com\alibaba\csp\sentinel-api-gateway-adapter-common\1.8.0\sentinel-api-gateway-adapter-common-1.8.0.jar;C:\Users\shangguanhao3\.m2\repository\org\springframework\boot\spring-boot-starter-web\2.0.5.RELEASE\spring-boot-starter-web-2.0.5.RELEASE.jar;C:\Users\shangguanhao3\.m2\repository\org\springframework\boot\spring-boot-starter\2.0.5.RELEASE\spring-boot-starter-2.0.5.RELEASE.jar;C:\Users\shangguanhao3\.m2\repository\org\springframework\boot\spring-boot\2.0.5.RELEASE\spring-boot-2.0.5.RELEASE.jar;C:\Users\shangguanhao3\.m2\repository\org\springframework\boot\spring-boot-autoconfigure\2.0.5.RELEASE\spring-boot-autoconfigure-2.0.5.RELEASE.jar;C:\Users\shangguanhao3\.m2\repository\javax\annotation\javax.annotation-api\1.3.2\javax.annotation-api-1.3.2.jar;C:\Users\shangguanhao3\.m2\repository\org\yaml\snakeyaml\1.19\snakeyaml-1.19.jar;C:\Users\shangguanhao3\.m2\repository\org\springframework\boot\spring-boot-starter-json\2.0.5.RELEASE\spring-boot-starter-json-2.0.5.RELEASE.jar;C:\Users\shangguanhao3\.m2\repository\com\fasterxml\jackson\core\jackson-databind\2.9.6\jackson-databind-2.9.6.jar;C:\Users\shangguanhao3\.m2\repository\com\fasterxml\jackson\core\jackson-annotations\2.9.0\jackson-annotations-2.9.0.jar;C:\Users\shangguanhao3\.m2\repository\com\fasterxml\jackson\datatype\jackson-datatype-jdk8\2.9.6\jackson-datatype-jdk8-2.9.6.jar;C:\Users\shangguanhao3\.m2\repository\com\fasterxml\jackson\datatype\jackson-datatype-jsr310\2.9.6\jackson-datatype-jsr310-2.9.6.jar;C:\Users\shangguanhao3\.m2\repository\com\fasterxml\jackson\module\jackson-module-parameter-names\2.9.6\jackson-module-parameter-names-2.9.6.jar;C:\Users\shangguanhao3\.m2\repository\org\springframework\boot\spring-boot-starter-tomcat\2.0.5.RELEASE\spring-boot-starter-tomcat-2.0.5.RELEASE.jar;C:\Users\shangguanhao3\.m2\repository\org\apache\tomcat\embed\tomcat-embed-core\8.5.34\tomcat-embed-core-8.5.34.jar;C:\Users\shangguanhao3\.m2\repository\org\apache\tomcat\embed\tomcat-embed-el\8.5.34\tomcat-embed-el-8.5.34.jar;C:\Users\shangguanhao3\.m2\repository\org\apache\tomcat\embed\tomcat-embed-websocket\8.5.34\tomcat-embed-websocket-8.5.34.jar;C:\Users\shangguanhao3\.m2\repository\org\hibernate\validator\hibernate-validator\6.0.12.Final\hibernate-validator-6.0.12.Final.jar;C:\Users\shangguanhao3\.m2\repository\javax\validation\validation-api\2.0.1.Final\validation-api-2.0.1.Final.jar;C:\Users\shangguanhao3\.m2\repository\org\jboss\logging\jboss-logging\3.3.2.Final\jboss-logging-3.3.2.Final.jar;C:\Users\shangguanhao3\.m2\repository\com\fasterxml\classmate\1.3.4\classmate-1.3.4.jar;C:\Users\shangguanhao3\.m2\repository\org\springframework\spring-web\5.0.9.RELEASE\spring-web-5.0.9.RELEASE.jar;C:\Users\shangguanhao3\.m2\repository\org\springframework\spring-beans\5.0.9.RELEASE\spring-beans-5.0.9.RELEASE.jar;C:\Users\shangguanhao3\.m2\repository\org\springframework\spring-webmvc\5.0.9.RELEASE\spring-webmvc-5.0.9.RELEASE.jar;C:\Users\shangguanhao3\.m2\repository\org\springframework\spring-aop\5.0.9.RELEASE\spring-aop-5.0.9.RELEASE.jar;C:\Users\shangguanhao3\.m2\repository\org\springframework\spring-context\5.0.9.RELEASE\spring-context-5.0.9.RELEASE.jar;C:\Users\shangguanhao3\.m2\repository\org\springframework\spring-expression\5.0.9.RELEASE\spring-expression-5.0.9.RELEASE.jar;C:\Users\shangguanhao3\.m2\repository\org\springframework\boot\spring-boot-starter-logging\2.0.5.RELEASE\spring-boot-starter-logging-2.0.5.RELEASE.jar;C:\Users\shangguanhao3\.m2\repository\ch\qos\logback\logback-classic\1.2.3\logback-classic-1.2.3.jar;C:\Users\shangguanhao3\.m2\repository\ch\qos\logback\logback-core\1.2.3\logback-core-1.2.3.jar;C:\Users\shangguanhao3\.m2\repository\org\slf4j\slf4j-api\1.7.25\slf4j-api-1.7.25.jar;C:\Users\shangguanhao3\.m2\repository\org\apache\logging\log4j\log4j-to-slf4j\2.10.0\log4j-to-slf4j-2.10.0.jar;C:\Users\shangguanhao3\.m2\repository\org\apache\logging\log4j\log4j-api\2.10.0\log4j-api-2.10.0.jar;C:\Users\shangguanhao3\.m2\repository\org\slf4j\jul-to-slf4j\1.7.25\jul-to-slf4j-1.7.25.jar;C:\Users\shangguanhao3\.m2\repository\org\springframework\boot\spring-boot-starter-test\2.0.5.RELEASE\spring-boot-starter-test-2.0.5.RELEASE.jar;C:\Users\shangguanhao3\.m2\repository\org\springframework\boot\spring-boot-test\2.0.5.RELEASE\spring-boot-test-2.0.5.RELEASE.jar;C:\Users\shangguanhao3\.m2\repository\org\springframework\boot\spring-boot-test-autoconfigure\2.0.5.RELEASE\spring-boot-test-autoconfigure-2.0.5.RELEASE.jar;C:\Users\shangguanhao3\.m2\repository\com\jayway\jsonpath\json-path\2.4.0\json-path-2.4.0.jar;C:\Users\shangguanhao3\.m2\repository\net\minidev\json-smart\2.3\json-smart-2.3.jar;C:\Users\shangguanhao3\.m2\repository\net\minidev\accessors-smart\1.2\accessors-smart-1.2.jar;C:\Users\shangguanhao3\.m2\repository\org\ow2\asm\asm\5.0.4\asm-5.0.4.jar;C:\Users\shangguanhao3\.m2\repository\org\assertj\assertj-core\3.12.1\assertj-core-3.12.1.jar;C:\Users\shangguanhao3\.m2\repository\org\hamcrest\hamcrest-core\1.3\hamcrest-core-1.3.jar;C:\Users\shangguanhao3\.m2\repository\org\hamcrest\hamcrest-library\1.3\hamcrest-library-1.3.jar;C:\Users\shangguanhao3\.m2\repository\org\skyscreamer\jsonassert\1.5.0\jsonassert-1.5.0.jar;C:\Users\shangguanhao3\.m2\repository\com\vaadin\external\google\android-json\0.0.20131108.vaadin1\android-json-0.0.20131108.vaadin1.jar;C:\Users\shangguanhao3\.m2\repository\org\springframework\spring-core\5.0.9.RELEASE\spring-core-5.0.9.RELEASE.jar;C:\Users\shangguanhao3\.m2\repository\org\springframework\spring-jcl\5.0.9.RELEASE\spring-jcl-5.0.9.RELEASE.jar;C:\Users\shangguanhao3\.m2\repository\org\springframework\spring-test\5.0.9.RELEASE\spring-test-5.0.9.RELEASE.jar;C:\Users\shangguanhao3\.m2\repository\org\xmlunit\xmlunit-core\2.5.1\xmlunit-core-2.5.1.jar;C:\Users\shangguanhao3\.m2\repository\log4j\log4j\1.2.14\log4j-1.2.14.jar;C:\Users\shangguanhao3\.m2\repository\commons-lang\commons-lang\2.6\commons-lang-2.6.jar;C:\Users\shangguanhao3\.m2\repository\org\apache\httpcomponents\httpclient\4.5.3\httpclient-4.5.3.jar;C:\Users\shangguanhao3\.m2\repository\commons-logging\commons-logging\1.2\commons-logging-1.2.jar;C:\Users\shangguanhao3\.m2\repository\commons-codec\commons-codec\1.9\commons-codec-1.9.jar;C:\Users\shangguanhao3\.m2\repository\org\apache\httpcomponents\httpcore\4.4.5\httpcore-4.4.5.jar;C:\Users\shangguanhao3\.m2\repository\org\apache\httpcomponents\httpasyncclient\4.1.3\httpasyncclient-4.1.3.jar;C:\Users\shangguanhao3\.m2\repository\org\apache\httpcomponents\httpcore-nio\4.4.6\httpcore-nio-4.4.6.jar;C:\Users\shangguanhao3\.m2\repository\com\alibaba\fastjson\1.2.71\fastjson-1.2.71.jar;C:\Users\shangguanhao3\.m2\repository\com\alibaba\csp\sentinel-datasource-nacos\1.8.0\sentinel-datasource-nacos-1.8.0.jar;C:\Users\shangguanhao3\.m2\repository\com\alibaba\csp\sentinel-datasource-extension\1.8.0\sentinel-datasource-extension-1.8.0.jar;C:\Users\shangguanhao3\.m2\repository\com\alibaba\nacos\nacos-client\1.3.0\nacos-client-1.3.0.jar;C:\Users\shangguanhao3\.m2\repository\com\alibaba\nacos\nacos-common\1.3.0\nacos-common-1.3.0.jar;C:\Users\shangguanhao3\.m2\repository\commons-io\commons-io\2.2\commons-io-2.2.jar;C:\Users\shangguanhao3\.m2\repository\org\apache\commons\commons-lang3\3.4\commons-lang3-3.4.jar;C:\Users\shangguanhao3\.m2\repository\com\alibaba\nacos\nacos-api\1.3.0\nacos-api-1.3.0.jar;C:\Users\shangguanhao3\.m2\repository\com\google\guava\guava\22.0\guava-22.0.jar;C:\Users\shangguanhao3\.m2\repository\com\google\code\findbugs\jsr305\1.3.9\jsr305-1.3.9.jar;C:\Users\shangguanhao3\.m2\repository\com\google\errorprone\error_prone_annotations\2.0.18\error_prone_annotations-2.0.18.jar;C:\Users\shangguanhao3\.m2\repository\com\google\j2objc\j2objc-annotations\1.1\j2objc-annotations-1.1.jar;C:\Users\shangguanhao3\.m2\repository\org\codehaus\mojo\animal-sniffer-annotations\1.14\animal-sniffer-annotations-1.14.jar;C:\Users\shangguanhao3\.m2\repository\com\fasterxml\jackson\core\jackson-core\2.9.10\jackson-core-2.9.10.jar;C:\Users\shangguanhao3\.m2\repository\io\prometheus\simpleclient\0.5.0\simpleclient-0.5.0.jar;C:\Users\shangguanhao3\.m2\repository\com\ctrip\framework\apollo\apollo-openapi\1.2.0\apollo-openapi-1.2.0.jar;C:\Users\shangguanhao3\.m2\repository\com\ctrip\framework\apollo\apollo-core\1.2.0\apollo-core-1.2.0.jar;C:\Users\shangguanhao3\.m2\repository\com\google\code\gson\gson\2.8.0\gson-2.8.0.jar;C:\Users\shangguanhao3\.m2\repository\org\slf4j\jcl-over-slf4j\1.7.25\jcl-over-slf4j-1.7.25.jar;C:\Users\shangguanhao3\.m2\repository\org\apache\curator\curator-recipes\4.0.1\curator-recipes-4.0.1.jar;C:\Users\shangguanhao3\.m2\repository\org\apache\curator\curator-framework\4.0.1\curator-framework-4.0.1.jar;C:\Users\shangguanhao3\.m2\repository\org\apache\curator\curator-client\4.0.1\curator-client-4.0.1.jar;C:\Users\shangguanhao3\.m2\repository\org\apache\zookeeper\zookeeper\3.5.3-beta\zookeeper-3.5.3-beta.jar;C:\Users\shangguanhao3\.m2\repository\commons-cli\commons-cli\1.2\commons-cli-1.2.jar;C:\Users\shangguanhao3\.m2\repository\io\netty\netty\3.10.5.Final\netty-3.10.5.Final.jar;C:\Users\shangguanhao3\.m2\repository\junit\junit\4.12\junit-4.12.jar;C:\Users\shangguanhao3\.m2\repository\org\mockito\mockito-core\2.28.2\mockito-core-2.28.2.jar;C:\Users\shangguanhao3\.m2\repository\net\bytebuddy\byte-buddy\1.9.10\byte-buddy-1.9.10.jar;C:\Users\shangguanhao3\.m2\repository\net\bytebuddy\byte-buddy-agent\1.9.10\byte-buddy-agent-1.9.10.jar;C:\Users\shangguanhao3\.m2\repository\org\objenesis\objenesis\2.6\objenesis-2.6.jar;C:\Users\shangguanhao3\.m2\repository\com\github\stefanbirkner\system-rules\1.16.1\system-rules-1.16.1.jar;"/>
    <property name="sun.cpu.endian" value="little"/>
    <property name="user.home" value="C:\Users\shangguanhao3"/>
    <property name="user.language" value="en"/>
    <property name="java.specification.vendor" value="Oracle Corporation"/>
    <property name="java.home" value="C:\Program Files\Java\jdk1.8.0_181\jre"/>
    <property name="basedir" value="D:\github\sentinel-demo\sentinel-dashboard"/>
    <property name="file.separator" value="\"/>
    <property name="line.separator" value="&#10;"/>
    <property name="java.vm.specification.vendor" value="Oracle Corporation"/>
    <property name="java.specification.name" value="Java Platform API Specification"/>
    <property name="java.awt.graphicsenv" value="sun.awt.Win32GraphicsEnvironment"/>
    <property name="sun.boot.class.path" value="C:\Program Files\Java\jdk1.8.0_181\jre\lib\resources.jar;C:\Program Files\Java\jdk1.8.0_181\jre\lib\rt.jar;C:\Program Files\Java\jdk1.8.0_181\jre\lib\sunrsasign.jar;C:\Program Files\Java\jdk1.8.0_181\jre\lib\jsse.jar;C:\Program Files\Java\jdk1.8.0_181\jre\lib\jce.jar;C:\Program Files\Java\jdk1.8.0_181\jre\lib\charsets.jar;C:\Program Files\Java\jdk1.8.0_181\jre\lib\jfr.jar;C:\Program Files\Java\jdk1.8.0_181\jre\classes"/>
    <property name="user.script" value=""/>
    <property name="sun.management.compiler" value="HotSpot 64-Bit Tiered Compilers"/>
    <property name="java.runtime.version" value="1.8.0_181-b13"/>
    <property name="user.name" value="shangguanhao3"/>
    <property name="path.separator" value=";"/>
    <property name="os.version" value="10.0"/>
    <property name="java.endorsed.dirs" value="C:\Program Files\Java\jdk1.8.0_181\jre\lib\endorsed"/>
    <property name="java.runtime.name" value="Java(TM) SE Runtime Environment"/>
    <property name="file.encoding" value="UTF-8"/>
    <property name="java.vm.name" value="Java HotSpot(TM) 64-Bit Server VM"/>
    <property name="localRepository" value="C:\Users\shangguanhao3\.m2\repository"/>
    <property name="java.vendor.url.bug" value="http://bugreport.sun.com/bugreport/"/>
    <property name="java.io.tmpdir" value="C:\Users\SHANGG~1\AppData\Local\Temp\"/>
    <property name="java.version" value="1.8.0_181"/>
    <property name="user.dir" value="D:\github\sentinel-demo\sentinel-dashboard"/>
    <property name="os.arch" value="amd64"/>
    <property name="java.vm.specification.name" value="Java Virtual Machine Specification"/>
    <property name="java.awt.printerjob" value="sun.awt.windows.WPrinterJob"/>
    <property name="sun.os.patch.level" value=""/>
    <property name="java.library.path" value="C:\Program Files\Java\jdk1.8.0_181\jre\bin;C:\windows\Sun\Java\bin;C:\windows\system32;C:\windows;D:\Program Files (x86)\NetSarang\Xshell 6\;C:\Program Files (x86)\Common Files\Oracle\Java\javapath;C:\windows\system32;C:\windows;C:\windows\System32\Wbem;C:\windows\System32\WindowsPowerShell\v1.0\;C:\windows\System32\OpenSSH\;C:\Program Files\Git\cmd;C:\Program Files (x86)\Common Files\Lenovo;C:\Program Files\Common Files\Lenovo;C:\Program Files (x86)\Lenovo\Client Security Solution;C:\Program Files\Lenovo\Client Security Solution;C:\Users\shangguanhao3\AppData\Local\Programs\Python\Python38-32\Scripts\;C:\Users\shangguanhao3\AppData\Local\Programs\Python\Python38-32\;C:\Program Files\MySQL\MySQL Shell 8.0\bin\;C:\Users\shangguanhao3\AppData\Local\Microsoft\WindowsApps;C:\Program Files\Java\jdk1.8.0_181\bin;C:\Program Files\Java\jdk1.8.0_181\jre\bin;D:\Program Files (x86)\apache-maven-3.6.3\bin;;C:\Program Files\JetBrains\DataGrip 2020.2\bin;;."/>
    <property name="java.vm.info" value="mixed mode"/>
    <property name="java.vendor" value="Oracle Corporation"/>
    <property name="java.vm.version" value="25.181-b13"/>
    <property name="java.ext.dirs" value="C:\Program Files\Java\jdk1.8.0_181\jre\lib\ext;C:\windows\Sun\Java\lib\ext"/>
    <property name="sun.io.unicode.encoding" value="UnicodeLittle"/>
    <property name="java.class.version" value="52.0"/>
  </properties>
  <testcase name="testUpdateApi" classname="com.alibaba.csp.sentinel.dashboard.controller.gateway.GatewayApiControllerTest" time="0.105"/>
  <testcase name="testQueryApis" classname="com.alibaba.csp.sentinel.dashboard.controller.gateway.GatewayApiControllerTest" time="0.104"/>
  <testcase name="testDeleteApi" classname="com.alibaba.csp.sentinel.dashboard.controller.gateway.GatewayApiControllerTest" time="0.095"/>
  <testcase name="testAddApi" classname="com.alibaba.csp.sentinel.dashboard.controller.gateway.GatewayApiControllerTest" time="0.076"/>
</testsuite>